<!DOCTYPE html PUBLIC "-//W3C//DTD XHTML 1.1//EN" "https://www.w3.org/TR/xhtml11/DTD/xhtml11.dtd">
<html xmlns="https://www.w3.org/1999/xhtml">
<head>
<meta http-equiv="content-type" content="text/html; charset=UTF-8"/>
<title>TestNG Report</title>
<style type="text/css">table {margin-bottom:10px;border-collapse:collapse;empty-cells:show}th,td {border:1px solid #009;padding:.25em .5em}th {vertical-align:bottom}td {vertical-align:top}table a {font-weight:bold}.stripe td {background-color: #E6EBF9}.num {text-align:right}.passedodd td {background-color: #3F3}.passedeven td {background-color: #0A0}.skippedodd td {background-color: #DDD}.skippedeven td {background-color: #CCC}.failedodd td,.attn {background-color: #F33}.failedeven td,.stripe .attn {background-color: #D00}.stacktrace {white-space:pre;font-family:monospace}.totop {font-size:85%;text-align:center;border-bottom:2px solid #000}.invisible {display:none}</style>
</head>
<body>
<table>
<tr><th>Test</th><th># Passed</th><th># Skipped</th><th># Retried</th><th># Failed</th><th>Time (ms)</th><th>Included Groups</th><th>Excluded Groups</th></tr>
<tr><th colspan="8">Suite</th></tr>
<tr><td><a href="#t0">Search Test</a></td><td class="num">1</td><td class="num">0</td><td class="num">0</td><td class="num">0</td><td class="num">9,955</td><td></td><td></td></tr>
<tr class="stripe"><td><a href="#t1">Excel Registeration</a></td><td class="num">1</td><td class="num">0</td><td class="num">0</td><td class="num">0</td><td class="num">12,347</td><td></td><td></td></tr>
<tr><td><a href="#t2">Registeration Test</a></td><td class="num">1</td><td class="num">0</td><td class="num">0</td><td class="num">0</td><td class="num">12,494</td><td></td><td></td></tr>
<tr class="stripe"><td><a href="#t3">DataProviderRegisteration</a></td><td class="num">1</td><td class="num">0</td><td class="num">0</td><td class="num">0</td><td class="num">12,581</td><td></td><td></td></tr>
<tr><td><a href="#t4">Rg DP2</a></td><td class="num">0</td><td class="num">0</td><td class="num">0</td><td class="num attn">1</td><td class="num">12,567</td><td></td><td></td></tr>
<tr class="stripe"><td><a href="#t5">Login Test</a></td><td class="num">1</td><td class="num">0</td><td class="num">0</td><td class="num">0</td><td class="num">6,162</td><td></td><td></td></tr>
<tr><td><a href="#t6">Subscription Test</a></td><td class="num">1</td><td class="num">0</td><td class="num">0</td><td class="num">0</td><td class="num">5,008</td><td></td><td></td></tr>
<tr class="stripe"><td><a href="#t7">E2E Test</a></td><td class="num">0</td><td class="num">0</td><td class="num">0</td><td class="num attn">1</td><td class="num">12,841</td><td></td><td></td></tr>
<tr><th>Total</th><th class="num">6</th><th class="num">0</th><th class="num">0</th><th class="num attn">2</th><th class="num">83,955</th><th colspan="2"></th></tr>
</table>
<table id='summary'><thead><tr><th>Class</th><th>Method</th><th>Start</th><th>Time (ms)</th></tr></thead><tbody><tr><th colspan="4">Suite</th></tr></tbody><tbody id="t0"><tr><th colspan="4">Search Test &#8212; passed</th></tr><tr class="passedeven"><td rowspan="1">com.demoshop.tests.SearchTest</td><td><a href="#m0">verifyUserIsAbletoSearchDesiredProducts</a></td><td rowspan="1">1728622599116</td><td rowspan="1">1935</td></tr></tbody>
<tbody id="t1"><tr><th colspan="4">Excel Registeration &#8212; passed</th></tr><tr class="passedeven"><td rowspan="1">com.demoshop.tests.ExcelRegisterationTest</td><td><a href="#m1">verifyUserIsAbleToRegisterUsingCorrectCreds</a></td><td rowspan="1">1728622597740</td><td rowspan="1">6003</td></tr></tbody>
<tbody id="t2"><tr><th colspan="4">Registeration Test &#8212; passed</th></tr><tr class="passedeven"><td rowspan="1">com.demoshop.tests.RegisterationTest</td><td><a href="#m2">verifyUserIsAbleToRegisterUsingCorrectCreds</a></td><td rowspan="1">1728622599327</td><td rowspan="1">4406</td></tr></tbody>
<tbody id="t3"><tr><th colspan="4">DataProviderRegisteration &#8212; passed</th></tr><tr class="passedeven"><td rowspan="1">com.demoshop.tests.RegisterationDP</td><td><a href="#m3">verifyUserIsAbleToMultipleRegisterUsingCorrectCreds</a></td><td rowspan="1">1728622599467</td><td rowspan="1">4280</td></tr></tbody>
<tbody id="t4"><tr><th colspan="4">Rg DP2 &#8212; failed</th></tr><tr class="failedeven"><td rowspan="1">com.demoshop.tests.RegisterationDP2</td><td><a href="#m4">verifyUserIsAbleToMultipleRegisterUsingCorrectCreds</a></td><td rowspan="1">1728622597740</td><td rowspan="1">6065</td></tr></tbody>
<tbody id="t5"><tr><th colspan="4">Login Test &#8212; passed</th></tr><tr class="passedeven"><td rowspan="1">com.demoshop.tests.LoginTest</td><td><a href="#m5">verifyUserIsAbleToLoginWithValidCreds</a></td><td rowspan="1">1728622604966</td><td rowspan="1">3564</td></tr></tbody>
<tbody id="t6"><tr><th colspan="4">Subscription Test &#8212; passed</th></tr><tr class="passedeven"><td rowspan="1">com.demoshop.tests.SubscriptionTest</td><td><a href="#m6">verifyUserIsAbleToSubscribeWithValidEmail</a></td><td rowspan="1">1728622608077</td><td rowspan="1">864</td></tr></tbody>
<tbody id="t7"><tr><th colspan="4">E2E Test &#8212; failed</th></tr><tr class="failedeven"><td rowspan="1">com.demoshop.tests.E2ECheckoutTest</td><td><a href="#m7">verifyNewUserRegistersAndCheckoutProduct</a></td><td rowspan="1">1728622608353</td><td rowspan="1">8468</td></tr></tbody>
</table>
<h2>Search Test</h2><h3 id="m0">com.demoshop.tests.SearchTest#verifyUserIsAbletoSearchDesiredProducts</h3><table class="result"><tr><th class="invisible"/></tr></table><p class="totop"><a href="#summary">back to summary</a></p>
<h2>Excel Registeration</h2><h3 id="m1">com.demoshop.tests.ExcelRegisterationTest#verifyUserIsAbleToRegisterUsingCorrectCreds</h3><table class="result"><tr><th class="invisible"/></tr></table><p class="totop"><a href="#summary">back to summary</a></p>
<h2>Registeration Test</h2><h3 id="m2">com.demoshop.tests.RegisterationTest#verifyUserIsAbleToRegisterUsingCorrectCreds</h3><table class="result"><tr><th class="invisible"/></tr></table><p class="totop"><a href="#summary">back to summary</a></p>
<h2>DataProviderRegisteration</h2><h3 id="m3">com.demoshop.tests.RegisterationDP#verifyUserIsAbleToMultipleRegisterUsingCorrectCreds</h3><table class="result"><tr class="param"><th>Parameter #1</th><th>Parameter #2</th><th>Parameter #3</th><th>Parameter #4</th></tr><tr class="param stripe"><td>Eddy</td><td>Zieme</td><td>maryland.vandervort@hotmail.com</td><td>jnzo4lbpv9n64</td></tr></table><p class="totop"><a href="#summary">back to summary</a></p>
<h2>Rg DP2</h2><h3 id="m4">com.demoshop.tests.RegisterationDP2#verifyUserIsAbleToMultipleRegisterUsingCorrectCreds</h3><table class="result"><tr class="param"><th>Parameter #1</th></tr><tr class="param stripe"><td>[Person [fName=Roosevelt, lName=King, email=dean.hegmann@hotmail.com, password=x7n3nc90, confirmPassword=x7n3nc90], Person [fName=Orville, lName=Collier, email=cary.kuhlman@yahoo.com, password=x7n3nc90, confirmPassword=x7n3nc90]]</td></tr><tr><th>Exception</th></tr><tr><td><div class="stacktrace">org.openqa.selenium.NoSuchElementException: no such element: Unable to locate element: {&quot;method&quot;:&quot;css selector&quot;,&quot;selector&quot;:&quot;.co-logout&quot;}
  (Session info: chrome=129.0.6668.90)
For documentation on this error, please visit: https://www.selenium.dev/documentation/webdriver/troubleshooting/errors#no-such-element-exception
Build info: version: &apos;4.23.1&apos;, revision: &apos;656257d8e9&apos;
System info: os.name: &apos;Windows 11&apos;, os.arch: &apos;amd64&apos;, os.version: &apos;10.0&apos;, java.version: &apos;17.0.11&apos;
Driver info: org.openqa.selenium.chrome.ChromeDriver
Command: [8854e3be40bb8af23bc3c3d2427108ec, findElement {using=css selector, value=.co-logout}]
Capabilities {acceptInsecureCerts: false, browserName: chrome, browserVersion: 129.0.6668.90, chrome: {chromedriverVersion: 129.0.6668.100 (cf58cba358d..., userDataDir: C:\Users\ADMINI~1\AppData\L...}, fedcm:accounts: true, goog:chromeOptions: {debuggerAddress: localhost:64811}, networkConnectionEnabled: false, pageLoadStrategy: normal, platformName: windows, proxy: Proxy(), se:cdp: ws://localhost:64811/devtoo..., se:cdpVersion: 129.0.6668.90, setWindowRect: true, strictFileInteractability: false, timeouts: {implicit: 0, pageLoad: 300000, script: 30000}, unhandledPromptBehavior: dismiss and notify, webauthn:extension:credBlob: true, webauthn:extension:largeBlob: true, webauthn:extension:minPinLength: true, webauthn:extension:prf: true, webauthn:virtualAuthenticators: true}
Session ID: 8854e3be40bb8af23bc3c3d2427108ec
	at org.openqa.selenium.remote.ErrorCodec.decode(ErrorCodec.java:167)
	at org.openqa.selenium.remote.codec.w3c.W3CHttpResponseCodec.decode(W3CHttpResponseCodec.java:138)
	at org.openqa.selenium.remote.codec.w3c.W3CHttpResponseCodec.decode(W3CHttpResponseCodec.java:50)
	at org.openqa.selenium.remote.HttpCommandExecutor.execute(HttpCommandExecutor.java:190)
	at org.openqa.selenium.remote.service.DriverCommandExecutor.invokeExecute(DriverCommandExecutor.java:216)
	at org.openqa.selenium.remote.service.DriverCommandExecutor.execute(DriverCommandExecutor.java:174)
	at org.openqa.selenium.remote.RemoteWebDriver.execute(RemoteWebDriver.java:545)
	at org.openqa.selenium.remote.ElementLocation$ElementFinder$2.findElement(ElementLocation.java:165)
	at org.openqa.selenium.remote.ElementLocation.findElement(ElementLocation.java:59)
	at org.openqa.selenium.remote.RemoteWebDriver.findElement(RemoteWebDriver.java:368)
	at org.openqa.selenium.remote.RemoteWebDriver.findElement(RemoteWebDriver.java:362)
	at org.openqa.selenium.support.pagefactory.DefaultElementLocator.findElement(DefaultElementLocator.java:68)
	at org.openqa.selenium.support.pagefactory.internal.LocatingElementHandler.invoke(LocatingElementHandler.java:38)
	at jdk.proxy2/jdk.proxy2.$Proxy14.click(Unknown Source)
	at com.demoshop.utils.PageActions.clickElement(PageActions.java:22)
	at com.demoshop.pageObjects.RegisterPage.logout(RegisterPage.java:55)
	at com.demoshop.tests.RegisterationDP2.lambda$verifyUserIsAbleToMultipleRegisterUsingCorrectCreds$0(RegisterationDP2.java:25)
	at java.base/java.util.ArrayList.forEach(ArrayList.java:1511)
	at com.demoshop.tests.RegisterationDP2.verifyUserIsAbleToMultipleRegisterUsingCorrectCreds(RegisterationDP2.java:18)
	at java.base/java.util.ArrayList.forEach(ArrayList.java:1511)
	at java.base/java.util.concurrent.FutureTask.run(FutureTask.java:264)
	at java.base/java.util.concurrent.ThreadPoolExecutor.runWorker(ThreadPoolExecutor.java:1136)
	at java.base/java.util.concurrent.ThreadPoolExecutor$Worker.run(ThreadPoolExecutor.java:635)
	at java.base/java.lang.Thread.run(Thread.java:842)
... Removed 22 stack frames</div></td></tr></table><p class="totop"><a href="#summary">back to summary</a></p>
<h2>Login Test</h2><h3 id="m5">com.demoshop.tests.LoginTest#verifyUserIsAbleToLoginWithValidCreds</h3><table class="result"><tr><th class="invisible"/></tr></table><p class="totop"><a href="#summary">back to summary</a></p>
<h2>Subscription Test</h2><h3 id="m6">com.demoshop.tests.SubscriptionTest#verifyUserIsAbleToSubscribeWithValidEmail</h3><table class="result"><tr><th class="invisible"/></tr></table><p class="totop"><a href="#summary">back to summary</a></p>
<h2>E2E Test</h2><h3 id="m7">com.demoshop.tests.E2ECheckoutTest#verifyNewUserRegistersAndCheckoutProduct</h3><table class="result"><tr><th>Exception</th></tr><tr><td><div class="stacktrace">org.openqa.selenium.ElementNotInteractableException: element not interactable
  (Session info: chrome=129.0.6668.90)
Build info: version: &apos;4.23.1&apos;, revision: &apos;656257d8e9&apos;
System info: os.name: &apos;Windows 11&apos;, os.arch: &apos;amd64&apos;, os.version: &apos;10.0&apos;, java.version: &apos;17.0.11&apos;
Driver info: org.openqa.selenium.chrome.ChromeDriver
Command: [6ae791e1545a190f8841e394a4f62ba4, clickElement {id=f.F37B8B202C477282D55E3E2F32323410.d.EA102C1AF27AC25C3B7F9D832DC359A5.e.199}]
Capabilities {acceptInsecureCerts: false, browserName: chrome, browserVersion: 129.0.6668.90, chrome: {chromedriverVersion: 129.0.6668.100 (cf58cba358d..., userDataDir: C:\Users\ADMINI~1\AppData\L...}, fedcm:accounts: true, goog:chromeOptions: {debuggerAddress: localhost:59822}, networkConnectionEnabled: false, pageLoadStrategy: normal, platformName: windows, proxy: Proxy(), se:cdp: ws://localhost:59822/devtoo..., se:cdpVersion: 129.0.6668.90, setWindowRect: true, strictFileInteractability: false, timeouts: {implicit: 0, pageLoad: 300000, script: 30000}, unhandledPromptBehavior: dismiss and notify, webauthn:extension:credBlob: true, webauthn:extension:largeBlob: true, webauthn:extension:minPinLength: true, webauthn:extension:prf: true, webauthn:virtualAuthenticators: true}
Element: [[ChromeDriver: chrome on windows (6ae791e1545a190f8841e394a4f62ba4)] -&gt; css selector: [onclick=&quot;ShippingMethod.save()&quot;]]
Session ID: 6ae791e1545a190f8841e394a4f62ba4
	at org.openqa.selenium.remote.ErrorCodec.decode(ErrorCodec.java:167)
	at org.openqa.selenium.remote.codec.w3c.W3CHttpResponseCodec.decode(W3CHttpResponseCodec.java:138)
	at org.openqa.selenium.remote.codec.w3c.W3CHttpResponseCodec.decode(W3CHttpResponseCodec.java:50)
	at org.openqa.selenium.remote.HttpCommandExecutor.execute(HttpCommandExecutor.java:190)
	at org.openqa.selenium.remote.service.DriverCommandExecutor.invokeExecute(DriverCommandExecutor.java:216)
	at org.openqa.selenium.remote.service.DriverCommandExecutor.execute(DriverCommandExecutor.java:174)
	at org.openqa.selenium.remote.RemoteWebDriver.execute(RemoteWebDriver.java:545)
	at org.openqa.selenium.remote.RemoteWebElement.execute(RemoteWebElement.java:223)
	at org.openqa.selenium.remote.RemoteWebElement.click(RemoteWebElement.java:76)
	at org.openqa.selenium.support.pagefactory.internal.LocatingElementHandler.invoke(LocatingElementHandler.java:51)
	at jdk.proxy2/jdk.proxy2.$Proxy14.click(Unknown Source)
	at com.demoshop.utils.PageActions.clickElement(PageActions.java:22)
	at com.demoshop.pageObjects.CheckoutPage.continueShip(CheckoutPage.java:66)
	at com.demoshop.tests.E2ECheckoutTest.verifyNewUserRegistersAndCheckoutProduct(E2ECheckoutTest.java:67)
	at java.base/java.util.ArrayList.forEach(ArrayList.java:1511)
	at java.base/java.util.concurrent.FutureTask.run(FutureTask.java:264)
	at java.base/java.util.concurrent.ThreadPoolExecutor.runWorker(ThreadPoolExecutor.java:1136)
	at java.base/java.util.concurrent.ThreadPoolExecutor$Worker.run(ThreadPoolExecutor.java:635)
	at java.base/java.lang.Thread.run(Thread.java:842)
... Removed 25 stack frames</div></td></tr></table><p class="totop"><a href="#summary">back to summary</a></p>
</body>
</html>
